2022-11-22 05:36:56,543|1|8|1052.3727|Connection.Open||
2022-11-22 05:36:56,922|1|8|311.0961|Command.ExecuteReader(Default)|select t.id, t.alias, t.mappeddomain, t.version, t.version_changed, t.name, t.language, t.timezone, t.owner_id, t.trusteddomains, t.trusteddomainsenabled, t.creationdatetime, t.status, t.statuschanged, t.payment_id, t.last_modified, p.partner_id, p.affiliate_id, p.campaign, t.industry, t.spam, t.calls from tenants_tenants t left outer join tenants_partners p on t.id = p.tenant_id where alias = @p0 or mappeddomain = @p1|@p0=localhost, @p1=localhost
2022-11-22 05:36:59,602|5|9|21.1729|Connection.Open||
2022-11-22 05:36:59,611|37|10|8.7345|Connection.Open||
2022-11-22 05:36:59,611|5|9|14.2441|Command.ExecuteReader(Default)|select t.id, t.alias, t.mappeddomain, t.version, t.version_changed, t.name, t.language, t.timezone, t.owner_id, t.trusteddomains, t.trusteddomainsenabled, t.creationdatetime, t.status, t.statuschanged, t.payment_id, t.last_modified, p.partner_id, p.affiliate_id, p.campaign, t.industry, t.spam, t.calls from tenants_tenants t left outer join tenants_partners p on t.id = p.tenant_id where t.status = @p0|@p0=0
2022-11-22 05:36:59,700|37|10|88.543|Command.ExecuteScalar|select value from core_settings where tenant = @p0 and id = @p1|@p0=-1, @p1=BaseDomain
2022-11-22 05:36:59,700|37|10|2.1093|Connection.Dispose||
2022-11-22 05:36:59,748|5|10|0.3953|Connection.Open||
2022-11-22 05:36:59,828|5|10|80.1816|Command.ExecuteScalar|select data from webstudio_settings where id = @p0 and tenantid = @p1 and userid = @p2|@p0=5c699566-34b1-4714-ab52-0e82410ce4e5, @p1=-1, @p2=00000000-0000-0000-0000-000000000000
2022-11-22 05:37:00,072|5|10|78.5851|Command.ExecuteNonQuery|replace into webstudio_settings(id,userid,tenantid,data) values (@p0,@p1,@p2,@p3)|@p0=5c699566-34b1-4714-ab52-0e82410ce4e5, @p1=00000000-0000-0000-0000-000000000000, @p2=-1, @p3=System.Byte[]
2022-11-22 05:37:00,126|5|9|45.5972|Command.ExecuteReader(Default)|select tariff, stamp, quantity from tenants_tariff where tenant = @p0 order by id desc limit 1|@p0=-1
2022-11-22 05:37:00,160|5|9|32.0565|Command.ExecuteReader(Default)|select tenant, name, max_file_size, max_total_size, active_users, features, price, avangate_id, visible from tenants_quota|
2022-11-22 05:37:00,177|5|10|1.1949|Command.ExecuteScalar|select data from webstudio_settings where id = @p0 and tenantid = @p1 and userid = @p2|@p0=05d35540-c80b-4b17-9277-abd9e543bf93, @p1=1, @p2=00000000-0000-0000-0000-000000000000
2022-11-22 05:37:00,181|5|10|1.2174|Command.ExecuteScalar|select data from webstudio_settings where id = @p0 and tenantid = @p1 and userid = @p2|@p0=05d35540-c80b-4b17-9277-abd9e543bf93, @p1=-1, @p2=00000000-0000-0000-0000-000000000000
2022-11-22 05:37:00,205|5|10|0.5782|Command.ExecuteScalar|select data from webstudio_settings where id = @p0 and tenantid = @p1 and userid = @p2|@p0=0cb4c871-0040-45ab-ae79-4cc292b91ef1, @p1=1, @p2=00000000-0000-0000-0000-000000000000
2022-11-22 05:37:00,205|5|10|0.393|Command.ExecuteScalar|select data from webstudio_settings where id = @p0 and tenantid = @p1 and userid = @p2|@p0=2edddf64-f792-4498-a638-2e3e6ebb13c9, @p1=1, @p2=00000000-0000-0000-0000-000000000000
2022-11-22 05:37:13,877|5|8|1.0556|Connection.Open||
2022-11-22 05:37:13,926|5|8|49.87|Command.ExecuteScalar|select data from webstudio_settings where id = @p0 and tenantid = @p1 and userid = @p2|@p0=9a925891-1f92-4ed7-b277-d6f649739f06, @p1=1, @p2=00000000-0000-0000-0000-000000000000
2022-11-22 05:37:15,598|5|8|0.0155|Connection.Dispose||
2022-11-22 05:37:16,206|5|10|0.0131|Connection.Dispose||
2022-11-22 05:37:16,206|5|9|0.003|Connection.Dispose||
2022-11-22 05:37:19,903|10|8|0.2857|Connection.Open||
2022-11-22 05:37:19,903|10|8|0.3002|Command.ExecuteScalar|select data from webstudio_settings where id = @p0 and tenantid = @p1 and userid = @p2|@p0=0e9ae034-f398-42fe-b5ee-f86d954e9fb2, @p1=1, @p2=00000000-0000-0000-0000-000000000000
2022-11-22 05:37:21,370|10|8|0.3453|Command.ExecuteScalar|select data from webstudio_settings where id = @p0 and tenantid = @p1 and userid = @p2|@p0=1500187f-b8ab-406f-97b8-04bfe8261dbe, @p1=1, @p2=00000000-0000-0000-0000-000000000000
2022-11-22 05:37:22,760|10|8|0.4254|Command.ExecuteScalar|select data from webstudio_settings where id = @p0 and tenantid = @p1 and userid = @p2|@p0=ab5b3c97-a972-475c-bb13-71936186c4e6, @p1=1, @p2=00000000-0000-0000-0000-000000000000
2022-11-22 05:37:22,849|10|10|0.4138|Connection.Open||
2022-11-22 05:37:22,926|10|10|76.5628|Command.ExecuteReader(Default)|select u.id, u.username, u.firstname, u.lastname, u.sex, u.bithdate, u.status, u.title, u.workfromdate, u.terminateddate, u.contacts, u.email, u.location, u.notes, u.removed, u.last_modified, u.tenant, u.activation_status, u.culture, u.phone, u.phone_activation, u.sid, u.sso_name_id, u.sso_session_id, u.create_on from core_user u where 1 = 0|
2022-11-22 05:37:22,945|10|10|8.9663|Command.ExecuteReader(Default)|select id, name, parentid, categoryid, removed, last_modified, tenant, sid from core_group where 1 = 0|
2022-11-22 05:37:22,965|10|10|16.4682|Command.ExecuteReader(Default)|select userid, groupid, ref_type, removed, last_modified, tenant from core_usergroup where 1 = 0|
2022-11-22 05:37:23,036|10|10|67.1599|Command.ExecuteReader(Default)|select userid, groupid, ref_type, removed, last_modified, tenant from core_usergroup where tenant = @p0|@p0=1
2022-11-22 05:37:23,046|10|8|0.6725|Command.ExecuteScalar|select data from webstudio_settings where id = @p0 and tenantid = @p1 and userid = @p2|@p0=d291a4c1-179d-4ced-895a-e094e809c859, @p1=1, @p2=00000000-0000-0000-0000-000000000000
2022-11-22 05:37:23,046|10|8|0.5364|Command.ExecuteScalar|select data from webstudio_settings where id = @p0 and tenantid = @p1 and userid = @p2|@p0=27909339-b4d4-466f-8f40-a64c9d2fc041, @p1=1, @p2=712d9ec3-5d2b-4b13-824f-71f00191dcca
2022-11-22 05:37:23,128|10|10|44.1146|Command.ExecuteReader(Default)|select subject, action, object, acetype from core_acl where tenant = @p0|@p0=-1
2022-11-22 05:37:23,128|10|10|0.2838|Command.ExecuteReader(Default)|select subject, action, object, acetype from core_acl where tenant = @p0|@p0=1
2022-11-22 05:37:23,164|10|8|0.3396|Command.ExecuteScalar|select data from webstudio_settings where id = @p0 and tenantid = @p1 and userid = @p2|@p0=32e02e4c-925d-4391-baa4-3b5d223a2104, @p1=1, @p2=00000000-0000-0000-0000-000000000000
2022-11-22 05:37:23,165|10|8|0.1803|Command.ExecuteScalar|select data from webstudio_settings where id = @p0 and tenantid = @p1 and userid = @p2|@p0=c3c5a846-01a3-476d-a962-1cfd78c04adb, @p1=-1, @p2=00000000-0000-0000-0000-000000000000
2022-11-22 05:37:23,165|10|10|0.4716|Command.ExecuteScalar|select value from core_settings where tenant = @p0 and id = @p1|@p0=-1, @p1=CompanyWhiteLabelSettings
2022-11-22 05:37:23,417|10|10|1.4964|Command.ExecuteScalar|select value from core_settings where tenant = @p0 and id = @p1|@p0=-1, @p1=AuthKey_S3acesskey
2022-11-22 05:37:23,417|10|10|0.5127|Command.ExecuteScalar|select value from core_settings where tenant = @p0 and id = @p1|@p0=-1, @p1=AuthKey_S3secretaccesskey
2022-11-22 05:37:23,417|10|10|0.4967|Command.ExecuteScalar|select value from core_settings where tenant = @p0 and id = @p1|@p0=-1, @p1=AuthKey_SelectelauthUser
2022-11-22 05:37:23,417|10|10|0.5501|Command.ExecuteScalar|select value from core_settings where tenant = @p0 and id = @p1|@p0=-1, @p1=AuthKey_SelectelauthPwd
2022-11-22 05:37:23,417|10|10|0.4681|Command.ExecuteScalar|select value from core_settings where tenant = @p0 and id = @p1|@p0=-1, @p1=AuthKey_googleClientId
2022-11-22 05:37:23,417|10|10|0.5042|Command.ExecuteScalar|select value from core_settings where tenant = @p0 and id = @p1|@p0=-1, @p1=AuthKey_facebookClientId
2022-11-22 05:37:23,417|10|10|0.4958|Command.ExecuteScalar|select value from core_settings where tenant = @p0 and id = @p1|@p0=-1, @p1=AuthKey_twitterKey
2022-11-22 05:37:23,431|10|10|0.4739|Command.ExecuteScalar|select value from core_settings where tenant = @p0 and id = @p1|@p0=-1, @p1=AuthKey_linkedInKey
2022-11-22 05:37:23,431|10|10|0.4764|Command.ExecuteScalar|select value from core_settings where tenant = @p0 and id = @p1|@p0=-1, @p1=AuthKey_mailRuClientId
2022-11-22 05:37:23,431|10|10|0.5072|Command.ExecuteScalar|select value from core_settings where tenant = @p0 and id = @p1|@p0=-1, @p1=AuthKey_vkClientId
2022-11-22 05:37:23,431|10|10|0.6159|Command.ExecuteScalar|select value from core_settings where tenant = @p0 and id = @p1|@p0=-1, @p1=AuthKey_yandexClientId
2022-11-22 05:37:23,431|10|10|0.491|Command.ExecuteScalar|select value from core_settings where tenant = @p0 and id = @p1|@p0=-1, @p1=AuthKey_appleIdClientIdMobile
2022-11-22 05:37:23,431|10|10|0.4819|Command.ExecuteScalar|select value from core_settings where tenant = @p0 and id = @p1|@p0=-1, @p1=AuthKey_appleIdClientId
2022-11-22 05:37:23,431|10|10|0.4951|Command.ExecuteScalar|select value from core_settings where tenant = @p0 and id = @p1|@p0=-1, @p1=AuthKey_microsoftClientId
2022-11-22 05:37:27,173|10|8|0.3524|Command.ExecuteScalar|select data from webstudio_settings where id = @p0 and tenantid = @p1 and userid = @p2|@p0=28902650-58a9-11e1-b6a9-0f194924019b, @p1=1, @p2=00000000-0000-0000-0000-000000000000
2022-11-22 05:37:29,803|10|10|0.6097|Command.ExecuteScalar|select value from core_settings where tenant = @p0 and id = @p1|@p0=-1, @p1=CustomerId
2022-11-22 05:37:29,901|10|8|1.101|Command.ExecuteScalar|select data from webstudio_settings where id = @p0 and tenantid = @p1 and userid = @p2|@p0=197149b3-fbc9-44c2-b42a-232f7e729c16, @p1=1, @p2=00000000-0000-0000-0000-000000000000
2022-11-22 05:37:29,919|10|8|0.6276|Command.ExecuteScalar|select data from webstudio_settings where id = @p0 and tenantid = @p1 and userid = @p2|@p0=16fb8e67-e96d-4b22-b217-c80f25c5de1b, @p1=1, @p2=00000000-0000-0000-0000-000000000000
2022-11-22 05:37:33,058|10|10|1.1459|Command.ExecuteScalar|select value from core_settings where tenant = @p0 and id = @p1|@p0=-1, @p1=DocKey_api
2022-11-22 05:37:33,058|10|10|0.9759|Command.ExecuteScalar|select value from core_settings where tenant = @p0 and id = @p1|@p0=-1, @p1=DocKey_public
2022-11-22 05:37:35,275|10|8|0.0267|Connection.Dispose||
2022-11-22 05:37:35,275|10|10|0.0082|Connection.Dispose||
2022-11-22 05:37:35,548|8|9|0.4561|Connection.Open||
2022-11-22 05:37:35,548|8|9|0.5122|Command.ExecuteScalar|select data from webstudio_settings where id = @p0 and tenantid = @p1 and userid = @p2|@p0=0108422f-c05d-488e-b271-30c4032494da, @p1=-1, @p2=00000000-0000-0000-0000-000000000000
2022-11-22 05:37:35,840|8|9|0.3112|Command.ExecuteScalar|select data from webstudio_settings where id = @p0 and tenantid = @p1 and userid = @p2|@p0=5116b892-ccdd-4406-98cd-4f18297c0c0a, @p1=1, @p2=00000000-0000-0000-0000-000000000000
2022-11-22 05:37:35,984|8|8|0.3939|Connection.Open||
2022-11-22 05:37:35,984|8|8|0.4566|Command.ExecuteScalar|select value from core_settings where tenant = @p0 and id = @p1|@p0=-1, @p1=AuthKey_twilioAccountSid
2022-11-22 05:37:36,525|8|8|536.676|Command.ExecuteReader(Default)|select tenant, path, counter, tag from tenants_quotarow where tenant = @p0|@p0=1
2022-11-22 05:37:36,525|8|9|0.3551|Command.ExecuteScalar|select data from webstudio_settings where id = @p0 and tenantid = @p1 and userid = @p2|@p0=f13eaf2d-fa53-44f1-a6d6-a5aeda46fa2b, @p1=1, @p2=00000000-0000-0000-0000-000000000000
2022-11-22 05:37:36,798|8|8|0.5035|Command.ExecuteScalar|select value from core_settings where tenant = @p0 and id = @p1|@p0=-1, @p1=EncryptionSettings
2022-11-22 05:37:36,934|8|8|0.31|Command.ExecuteScalar|select value from core_settings where tenant = @p0 and id = @p1|@p0=-1, @p1=DocKey_converter
2022-11-22 05:37:36,934|8|8|0.1642|Command.ExecuteScalar|select value from core_settings where tenant = @p0 and id = @p1|@p0=-1, @p1=DocKey_internal
2022-11-22 05:37:36,934|8|10|0.2661|Connection.Open||
2022-11-22 05:37:37,262|8|10|326.7985|Command.ExecuteReader(Default)|select input, output from files_converts|
2022-11-22 05:37:37,291|8|9|0.3619|Command.ExecuteScalar|select data from webstudio_settings where id = @p0 and tenantid = @p1 and userid = @p2|@p0=47f34957-6a70-4236-9681-c8281fb762fa, @p1=1, @p2=00000000-0000-0000-0000-000000000000
2022-11-22 05:37:37,374|6|9|0.0133|Connection.Dispose||
2022-11-22 05:37:37,374|6|8|0.0053|Connection.Dispose||
2022-11-22 05:37:37,374|6|10|0.0041|Connection.Dispose||
2022-11-22 05:38:55,861|18|9|0.8129|Connection.Open||
2022-11-22 05:38:55,890|18|9|29.7863|Command.ExecuteReader(Default)|select t.id, t.alias, t.mappeddomain, t.version, t.version_changed, t.name, t.language, t.timezone, t.owner_id, t.trusteddomains, t.trusteddomainsenabled, t.creationdatetime, t.status, t.statuschanged, t.payment_id, t.last_modified, p.partner_id, p.affiliate_id, p.campaign, t.industry, t.spam, t.calls from tenants_tenants t left outer join tenants_partners p on t.id = p.tenant_id where alias = @p0 or mappeddomain = @p1|@p0=localhost, @p1=localhost
2022-11-22 05:38:56,038|18|9|51.961|Command.ExecuteReader(Default)|select u.id, u.username, u.firstname, u.lastname, u.sex, u.bithdate, u.status, u.title, u.workfromdate, u.terminateddate, u.contacts, u.email, u.location, u.notes, u.removed, u.last_modified, u.tenant, u.activation_status, u.culture, u.phone, u.phone_activation, u.sid, u.sso_name_id, u.sso_session_id, u.create_on from core_user u where last_modified >= @p0|@p0=11/22/2022 5:34:22 AM
2022-11-22 05:38:56,060|18|9|21.6742|Command.ExecuteReader(Default)|select id, name, parentid, categoryid, removed, last_modified, tenant, sid from core_group where last_modified >= @p0|@p0=11/22/2022 5:34:22 AM
2022-11-22 05:38:56,060|18|9|5.5657|Command.ExecuteReader(Default)|select userid, groupid, ref_type, removed, last_modified, tenant from core_usergroup where last_modified >= @p0|@p0=11/22/2022 5:34:22 AM
2022-11-22 05:38:56,103|18|9|18.8525|Command.ExecuteReader(Default)|select u.id, u.username, u.firstname, u.lastname, u.sex, u.bithdate, u.status, u.title, u.workfromdate, u.terminateddate, u.contacts, u.email, u.location, u.notes, u.removed, u.last_modified, u.tenant, u.activation_status, u.culture, u.phone, u.phone_activation, u.sid, u.sso_name_id, u.sso_session_id, u.create_on from core_user u where u.email = @p0 and u.removed = @p1 and u.tenant = @p2|@p0=sohel.rana@dizitbd.com, @p1=False, @p2=1
2022-11-22 05:38:56,287|18|9|182.1499|Command.ExecuteScalar|select count(*) from core_usersecurity s where s.userid = @p0 and s.pwdhash = @p1|@p0=88175871-f76a-11ec-af3e-80e82ce013c1, @p1=KGEz5MsrhAuxhTlN7/d4Le1pYagSrA6VExUW+tXLqJOz9SjN33Ive9wu8+rpuFXLND1dh8zkLEkmRgnYYgcUJA==
2022-11-22 05:38:56,287|18|9|0.417|Command.ExecuteReader(Default)|select u.id, u.username, u.firstname, u.lastname, u.sex, u.bithdate, u.status, u.title, u.workfromdate, u.terminateddate, u.contacts, u.email, u.location, u.notes, u.removed, u.last_modified, u.tenant, u.activation_status, u.culture, u.phone, u.phone_activation, u.sid, u.sso_name_id, u.sso_session_id, u.create_on from core_user u where tenant = @p0|@p0=1
2022-11-22 05:38:56,372|18|8|0.3688|Connection.Open||
2022-11-22 05:38:56,372|18|8|0.2462|Command.ExecuteScalar|select data from webstudio_settings where id = @p0 and tenantid = @p1 and userid = @p2|@p0=2802df61-af0d-40d4-abc5-a8506a5352ff, @p1=1, @p2=00000000-0000-0000-0000-000000000000
2022-11-22 05:38:56,372|18|8|0.1397|Command.ExecuteScalar|select data from webstudio_settings where id = @p0 and tenantid = @p1 and userid = @p2|@p0=822ca059-aa8f-4588-bee3-6cd2aa920cdb, @p1=1, @p2=00000000-0000-0000-0000-000000000000
2022-11-22 05:38:56,387|5|10|0.339|Connection.Open||
2022-11-22 05:38:56,827|5|10|440.0152|Command.ExecuteReader(Default)|select t1.id, (IFNULL((SELECT JSON_EXTRACT(`Data`, '$.LoginHistoryLifeTime') from webstudio_settings where tt.id = TenantID and id='8337d0fb-ad67-4552-8297-802312e7f503'), 180)) as tout, t1.`date` AS dout from login_events t1 inner join tenants_tenants tt on tt.id = t1.tenant_id having dout < ADDDATE(UTC_DATE(), INTERVAL -tout DAY) limit 1000|
2022-11-22 05:38:56,827|5|10|0.0409|Connection.Dispose||
2022-11-22 05:38:56,827|5|10|1.2588|Connection.Open||
2022-11-22 05:38:56,944|5|10|109.5705|Command.ExecuteReader(Default)|select t1.id, (IFNULL((SELECT JSON_EXTRACT(`Data`, '$.AuditTrailLifeTime') from webstudio_settings where tt.id = TenantID and id='8337d0fb-ad67-4552-8297-802312e7f503'), 180)) as tout, t1.`date` AS dout from audit_events t1 inner join tenants_tenants tt on tt.id = t1.tenant_id having dout < ADDDATE(UTC_DATE(), INTERVAL -tout DAY) limit 1000|
2022-11-22 05:38:56,944|18|8|504.8245|Command.ExecuteScalar|insert into login_events(ip,login,browser,platform,date,tenant_id,user_id,page,action,active) values (@p0,@p1,@p2,@p3,@p4,@p5,@p6,@p7,@p8,@p9); select last_insert_id()|@p0=, @p1=NULL, @p2=Chrome 107, @p3=Windows 10, @p4=11/22/2022 5:38:56 AM, @p5=1, @p6=88175871-f76a-11ec-af3e-80e82ce013c1, @p7=http://localhost:55521/Auth.aspx?refererurl=http%3a%2f%2flocalhost%3a55521%2fdefault.aspx, @p8=1000, @p9=True
2022-11-22 05:38:56,944|5|10|0.0288|Connection.Dispose||
2022-11-22 05:38:56,948|18|8|1.067|Command.ExecuteScalar|select data from webstudio_settings where id = @p0 and tenantid = @p1 and userid = @p2|@p0=16fb8e67-e96d-4b22-b217-c80f25c5de1b, @p1=1, @p2=88175871-f76a-11ec-af3e-80e82ce013c1
2022-11-22 05:38:57,022|18|9|0.0123|Connection.Dispose||
2022-11-22 05:38:57,022|18|8|0.0032|Connection.Dispose||
2022-11-22 05:38:57,028|6|10|0.3732|Connection.Open||
2022-11-22 05:38:57,028|6|10|8.0582|Command.ExecuteReader(Default)|select id from login_events where tenant_id = @p0 and user_id = @p1 and action in (@p2,@p3,@p4,@p5,@p6,@p7,@p8,@p9,@p10,@p11) and date > @p12 and active = @p13|@p0=1, @p1=88175871-f76a-11ec-af3e-80e82ce013c1, @p2=1000, @p3=1001, @p4=1007, @p5=1010, @p6=1011, @p7=1012, @p8=1015, @p9=1019, @p10=1021, @p11=1024, @p12=11/22/2021 5:38:57 AM, @p13=True
2022-11-22 05:38:57,042|6|10|0.243|Command.ExecuteScalar|select data from webstudio_settings where id = @p0 and tenantid = @p1 and userid = @p2|@p0=f3ff27c5-bde3-43ae-8dd0-2e8e0d7044f1, @p1=1, @p2=00000000-0000-0000-0000-000000000000
2022-11-22 05:38:57,042|6|9|0.2151|Connection.Open||
2022-11-22 05:38:57,081|6|9|31.1147|Command.ExecuteReader(Default)|select id, name, parentid, categoryid, removed, last_modified, tenant, sid from core_group where tenant = @p0|@p0=1
2022-11-22 05:38:57,149|6|10|1.0679|Command.ExecuteScalar|select data from webstudio_settings where id = @p0 and tenantid = @p1 and userid = @p2|@p0=27909339-b4d4-466f-8f40-a64c9d2fc041, @p1=1, @p2=88175871-f76a-11ec-af3e-80e82ce013c1
2022-11-22 05:38:57,149|6|10|0.2481|Command.ExecuteScalar|select data from webstudio_settings where id = @p0 and tenantid = @p1 and userid = @p2|@p0=85987929-1339-48eb-b06d-b9d097bdacf6, @p1=1, @p2=88175871-f76a-11ec-af3e-80e82ce013c1
2022-11-22 05:39:00,749|6|9|19.7391|Command.ExecuteScalar|select value from core_settings where tenant = @p0 and id = @p1|@p0=-1, @p1=BaseDomain
2022-11-22 05:39:00,920|6|10|0.0104|Connection.Dispose||
2022-11-22 05:39:00,920|6|9|0.0031|Connection.Dispose||
2022-11-22 05:39:00,976|6|8|0.3363|Connection.Open||
2022-11-22 05:39:01,319|6|8|343.9671|Command.ExecuteScalar|select photo from core_userphoto where tenant = @p0 and userid = @p1|@p0=1, @p1=88175871-f76a-11ec-af3e-80e82ce013c1
2022-11-22 05:39:01,396|8|8|0.0106|Connection.Dispose||
2022-11-22 05:39:07,987|8|10|0.3896|Connection.Open||
2022-11-22 05:39:07,999|8|10|12.4697|Command.ExecuteScalar|select data from webstudio_settings where id = @p0 and tenantid = @p1 and userid = @p2|@p0=03b382bd-3c20-4f03-8ab9-5a33f016316e, @p1=1, @p2=88175871-f76a-11ec-af3e-80e82ce013c1
2022-11-22 05:39:08,062|8|9|1.2373|Connection.Open||
2022-11-22 05:39:08,062|8|9|1.011|Command.ExecuteScalar|select value from core_settings where tenant = @p0 and id = @p1|@p0=-1, @p1=AuthKey_boxClientId
2022-11-22 05:39:08,062|8|9|0.8688|Command.ExecuteScalar|select value from core_settings where tenant = @p0 and id = @p1|@p0=-1, @p1=AuthKey_dropboxClientId
2022-11-22 05:39:08,062|8|9|0.8503|Command.ExecuteScalar|select value from core_settings where tenant = @p0 and id = @p1|@p0=-1, @p1=AuthKey_docuSignClientId
2022-11-22 05:39:08,074|8|9|0.8486|Command.ExecuteScalar|select value from core_settings where tenant = @p0 and id = @p1|@p0=-1, @p1=AuthKey_skydriveappkey
2022-11-22 05:39:11,294|8|10|81.5923|Command.ExecuteScalar|select left_node from files_bunch_objects where tenant_id = @p0 and right_node = @p1|@p0=1, @p1=files/my/88175871-f76a-11ec-af3e-80e82ce013c1
2022-11-22 05:39:18,766|58|8|0.4223|Connection.Open||
2022-11-22 05:39:18,813|58|8|50.5981|Command.ExecuteScalar|select max(timestamp) from feed_readed where tenant_id = @p0 and user_id = @p1 and module = @p2|@p0=1, @p1=88175871-f76a-11ec-af3e-80e82ce013c1, @p2=all
2022-11-22 05:39:18,908|58|8|82.8354|Command.ExecuteReader(Default)|select id from feed_aggregate a inner join feed_users u on a.id = u.feed_id where a.tenant = @p0 and a.modified_by <> @p1 and u.user_id = @p2 and a.aggregated_date >= @p3 limit 1001|@p0=1, @p1=88175871-f76a-11ec-af3e-80e82ce013c1, @p2=88175871-f76a-11ec-af3e-80e82ce013c1, @p3=6/29/2022 10:59:53 AM
2022-11-22 05:39:18,923|58|8|0.0106|Connection.Dispose||
2022-11-22 05:39:33,634|8|10|0.3468|Command.ExecuteScalar|select data from webstudio_settings where id = @p0 and tenantid = @p1 and userid = @p2|@p0=cebd4ba5-31b3-43a4-93bf-b4a110fe840f, @p1=1, @p2=88175871-f76a-11ec-af3e-80e82ce013c1
2022-11-22 05:39:33,634|8|10|0.1568|Command.ExecuteScalar|select data from webstudio_settings where id = @p0 and tenantid = @p1 and userid = @p2|@p0=df4b94b7-42c8-4fce-aae2-d479f3b39bdd, @p1=1, @p2=88175871-f76a-11ec-af3e-80e82ce013c1
2022-11-22 05:39:39,307|8|9|0.354|Command.ExecuteScalar|select value from core_settings where tenant = @p0 and id = @p1|@p0=-1, @p1=DocKey_api
2022-11-22 05:39:39,307|8|9|0.1511|Command.ExecuteScalar|select value from core_settings where tenant = @p0 and id = @p1|@p0=-1, @p1=DocKey_public
2022-11-22 05:39:39,341|8|10|1.1657|Command.ExecuteScalar|select data from webstudio_settings where id = @p0 and tenantid = @p1 and userid = @p2|@p0=fcf002bc-ec4b-4dab-a6ce-bde0abda44d3, @p1=1, @p2=00000000-0000-0000-0000-000000000000
2022-11-22 05:39:39,341|8|10|0.8051|Command.ExecuteScalar|select left_node from files_bunch_objects where tenant_id = @p0 and right_node = @p1|@p0=1, @p1=files/my/88175871-f76a-11ec-af3e-80e82ce013c1
2022-11-22 05:39:39,433|8|10|0.617|Command.ExecuteScalar|select data from webstudio_settings where id = @p0 and tenantid = @p1 and userid = @p2|@p0=c3602052-5ba2-452a-bd2a-add0faf8eb88, @p1=-1, @p2=00000000-0000-0000-0000-000000000000
2022-11-22 05:39:40,567|8|9|0.5657|Command.ExecuteScalar|select value from core_settings where tenant = @p0 and id = @p1|@p0=-1, @p1=AuthKey_twilioAccountSid
2022-11-22 05:39:40,595|8|10|0.4368|Command.ExecuteScalar|select left_node from files_bunch_objects where tenant_id = @p0 and right_node = @p1|@p0=1, @p1=files/share/
2022-11-22 05:39:40,595|8|10|0.2197|Command.ExecuteScalar|select left_node from files_bunch_objects where tenant_id = @p0 and right_node = @p1|@p0=1, @p1=files/favorites/
2022-11-22 05:39:40,595|8|10|0.2152|Command.ExecuteScalar|select left_node from files_bunch_objects where tenant_id = @p0 and right_node = @p1|@p0=1, @p1=files/recent/
2022-11-22 05:39:40,595|8|10|0.2167|Command.ExecuteScalar|select left_node from files_bunch_objects where tenant_id = @p0 and right_node = @p1|@p0=1, @p1=files/privacy/88175871-f76a-11ec-af3e-80e82ce013c1
2022-11-22 05:39:40,595|8|10|0.2132|Command.ExecuteScalar|select left_node from files_bunch_objects where tenant_id = @p0 and right_node = @p1|@p0=1, @p1=files/common/
2022-11-22 05:39:40,595|8|10|0.2145|Command.ExecuteScalar|select left_node from files_bunch_objects where tenant_id = @p0 and right_node = @p1|@p0=1, @p1=files/projects/
2022-11-22 05:39:40,595|8|10|0.3987|Command.ExecuteScalar|select left_node from files_bunch_objects where tenant_id = @p0 and right_node = @p1|@p0=1, @p1=files/trash/88175871-f76a-11ec-af3e-80e82ce013c1
2022-11-22 05:39:40,602|8|10|0.2256|Command.ExecuteScalar|select data from webstudio_settings where id = @p0 and tenantid = @p1 and userid = @p2|@p0=03b382bd-3c20-4f03-8ab9-5a33f016316e, @p1=1, @p2=00000000-0000-0000-0000-000000000000
2022-11-22 05:39:40,602|8|9|0.3397|Command.ExecuteScalar|select value from core_settings where tenant = @p0 and id = @p1|@p0=-1, @p1=AuthKey_googleClientId
2022-11-22 05:39:40,619|8|9|0.2275|Command.ExecuteScalar|select value from core_settings where tenant = @p0 and id = @p1|@p0=-1, @p1=AuthKey_bitlyToken
2022-11-22 05:39:40,664|8|10|0.4562|Command.ExecuteScalar|select data from webstudio_settings where id = @p0 and tenantid = @p1 and userid = @p2|@p0=93784ab2-10b5-4c2f-9b36-f2662cccf316, @p1=1, @p2=00000000-0000-0000-0000-000000000000
2022-11-22 05:39:40,740|8|9|0.8055|Command.ExecuteScalar|select value from core_settings where tenant = @p0 and id = @p1|@p0=-1, @p1=DocKey_converter
2022-11-22 05:39:40,740|8|9|0.2875|Command.ExecuteScalar|select value from core_settings where tenant = @p0 and id = @p1|@p0=-1, @p1=DocKey_internal
2022-11-22 05:39:43,617|8|10|0.0216|Connection.Dispose||
2022-11-22 05:39:43,617|8|9|0.0078|Connection.Dispose||
2022-11-22 05:39:43,848|19|8|0.3526|Connection.Open||
2022-11-22 05:39:43,848|19|8|0.3143|Command.ExecuteScalar|select value from core_settings where tenant = @p0 and id = @p1|@p0=-1, @p1=AuthKey_docuSignHost
2022-11-22 05:39:43,848|19|10|0.1803|Connection.Open||
2022-11-22 05:39:43,848|19|10|0.1556|Command.ExecuteScalar|select left_node from files_bunch_objects where tenant_id = @p0 and right_node = @p1|@p0=1, @p1=files/templates/
2022-11-22 05:39:43,906|5|8|0.0115|Connection.Dispose||
2022-11-22 05:39:43,906|5|10|0.0035|Connection.Dispose||
2022-11-22 05:39:44,663|58|9|0.3106|Connection.Open||
2022-11-22 05:39:45,092|58|9|428.1477|Command.ExecuteReader(Default)|select f.id, f.parent_id, f.title, f.create_on, f.create_by, f.modified_on, f.modified_by, f.folder_type, f.foldersCount, f.filesCount, (select concat(cast(d.folder_type as char), '|', d.create_by, '|', cast(d.id as char)) from files_folder d, files_folder_tree t where d.tenant_id = f.tenant_id and d.id = t.parent_id and t.folder_id = f.parent_id group by level order by level desc limit 1), (select count(*) from files_security s where s.tenant_id = @p0 and s.entry_id = cast(f.id as char) and s.entry_type = @p1 and s.subject not in (@p2,@p3) limit 1) from files_folder f where f.tenant_id = @p4 and id = @p5|@p0=1, @p1=1, @p2=ee7a7468-cda5-4f8b-afdb-f4e42c318eb6, @p3=aafd9c26-9686-4996-9665-35ca72721c4c, @p4=1, @p5=1
2022-11-22 05:39:45,229|58|9|105.3677|Command.ExecuteNonQuery|delete from webstudio_settings where id = @p0 and tenantid = @p1 and userid = @p2|@p0=03b382bd-3c20-4f03-8ab9-5a33f016316e, @p1=1, @p2=88175871-f76a-11ec-af3e-80e82ce013c1
2022-11-22 05:39:45,300|58|9|34.4505|Command.ExecuteReader(Default)|select f.id, f.parent_id, f.title, f.create_on, f.create_by, f.modified_on, f.modified_by, f.folder_type, f.foldersCount, f.filesCount, (select concat(cast(d.folder_type as char), '|', d.create_by, '|', cast(d.id as char)) from files_folder d, files_folder_tree t where d.tenant_id = f.tenant_id and d.id = t.parent_id and t.folder_id = f.parent_id group by level order by level desc limit 1), (select count(*) from files_security s where s.tenant_id = @p0 and s.entry_id = cast(f.id as char) and s.entry_type = @p1 and s.subject not in (@p2,@p3) limit 1) from files_folder f where f.tenant_id = @p4 and parent_id = @p5 order by modified_on desc|@p0=1, @p1=1, @p2=ee7a7468-cda5-4f8b-afdb-f4e42c318eb6, @p3=aafd9c26-9686-4996-9665-35ca72721c4c, @p4=1, @p5=1
2022-11-22 05:39:45,684|58|9|379.7609|Command.ExecuteReader(Default)|select f.id, f.title, f.folder_id, f.create_on, f.create_by, f.version, f.version_group, f.content_length, f.modified_on, f.modified_by, (select concat(cast(d.folder_type as char), '|', d.create_by, '|', cast(d.id as char)) from files_folder d, files_folder_tree t where d.tenant_id = f.tenant_id and d.id = t.parent_id and t.folder_id = f.folder_id group by level order by level desc limit 1), (select count(*) from files_security s where s.tenant_id = @p0 and s.entry_id = cast(f.id as char) and s.entry_type = @p1 and s.subject not in (@p2,@p3) limit 1), converted_type, f.comment, f.encrypted, f.forcesave, f.thumb, (select 1 from files_link l where l.tenant_id = f.tenant_id and l.linked_id = f.id and l.linked_for = @p4 limit 1), (select group_concat(s.subject) from files_security s where s.tenant_id = @p5 and s.entry_id = cast(f.id as char) and s.entry_type = @p6 and s.subject in (@p7,@p8)) from files_file f where f.tenant_id = @p9 and current_version = @p10 and folder_id = @p11 order by modified_on desc|@p0=1, @p1=2, @p2=ee7a7468-cda5-4f8b-afdb-f4e42c318eb6, @p3=aafd9c26-9686-4996-9665-35ca72721c4c, @p4=88175871-f76a-11ec-af3e-80e82ce013c1, @p5=1, @p6=2, @p7=ee7a7468-cda5-4f8b-afdb-f4e42c318eb6, @p8=aafd9c26-9686-4996-9665-35ca72721c4c, @p9=1, @p10=True, @p11=1
2022-11-22 05:39:45,684|58|8|0.4619|Connection.Open||
2022-11-22 05:39:45,967|58|8|285.5932|Command.ExecuteReader(Default)|select id, provider, customer_title, user_name, password, token, user_id, folder_type, create_on, url from files_thirdparty_account where tenant_id = @p0 and user_id = @p1 and folder_type = @p2|@p0=1, @p1=88175871-f76a-11ec-af3e-80e82ce013c1, @p2=5
2022-11-22 05:39:46,029|58|9|0.4255|Command.ExecuteReader(Default)|select folder_id from files_folder_tree where parent_id = @p0 and level = @p1|@p0=1, @p1=1
2022-11-22 05:39:46,218|58|9|175.1074|Command.ExecuteReader(Default)|select distinct ft.name, ft.flag, ft.owner, ftl.entry_id, ftl.entry_type, ftl.tag_count, ft.id from files_tag ft inner join files_tag_link ftl on ft.tenant_id = ftl.tenant_id and ft.id = ftl.tag_id where ft.tenant_id = @p0 and ft.flag = @p1 and ft.owner = @p2 and ftl.entry_id in (@p3,@p4) and ftl.entry_type = @p5|@p0=1, @p1=1, @p2=88175871-f76a-11ec-af3e-80e82ce013c1, @p3=1, @p4=12, @p5=1
2022-11-22 05:39:46,218|58|9|0.4155|Command.ExecuteReader(Default)|select distinct ft.name, ft.flag, ft.owner, ftl.entry_id, ftl.entry_type, ftl.tag_count, ft.id from files_tag ft inner join files_tag_link ftl on ft.tenant_id = ftl.tenant_id and ft.id = ftl.tag_id inner join files_file ff on ftl.tenant_id = ff.tenant_id and ftl.entry_id = ff.id where ft.tenant_id = @p0 and ft.flag = @p1 and ft.owner = @p2 and ff.folder_id = @p3 and ftl.entry_type = @p4|@p0=1, @p1=1, @p2=88175871-f76a-11ec-af3e-80e82ce013c1, @p3=1, @p4=2
2022-11-22 05:39:46,218|58|9|0.34|Command.ExecuteReader(Default)|select id from files_thirdparty_account where tenant_id = @p0 and folder_type = @p1 and user_id = @p2|@p0=1, @p1=5, @p2=88175871-f76a-11ec-af3e-80e82ce013c1
2022-11-22 05:39:46,246|58|9|26.6454|Command.ExecuteReader(Default)|select distinct ft.name, ft.flag, ft.owner, ftl.entry_id, ftl.entry_type, ftl.tag_count, ft.id from files_tag ft inner join files_tag_link ftl on ft.tenant_id = ftl.tenant_id and ft.id = ftl.tag_id inner join files_thirdparty_id_mapping mp on mp.tenant_id = ftl.tenant_id and ftl.entry_id = mp.hash_id where ft.tenant_id = @p0 and ft.flag = @p1 and ft.owner = @p2 and 1 = 0 and ft.owner = @p3 and ftl.entry_type = @p4|@p0=1, @p1=1, @p2=88175871-f76a-11ec-af3e-80e82ce013c1, @p3=88175871-f76a-11ec-af3e-80e82ce013c1, @p4=1
2022-11-22 05:39:46,246|58|9|1.048|Command.ExecuteReader(Default)|select t.name, t.flag, t.owner, entry_id, entry_type, tag_count, t.id from files_tag t inner join files_tag_link l on l.tenant_id = t.tenant_id and l.tag_id = t.id where t.tenant_id = @p0 and l.tenant_id = @p1 and ((l.entry_type = @p2 and l.entry_id = @p3) or (l.entry_type = @p4 and 1 = 0)) and t.flag = @p5 and l.create_by = @p6|@p0=1, @p1=1, @p2=2, @p3=3, @p4=1, @p5=2, @p6=88175871-f76a-11ec-af3e-80e82ce013c1
2022-11-22 05:39:46,259|58|9|0.8107|Command.ExecuteReader(Default)|select t.name, t.flag, t.owner, entry_id, entry_type, tag_count, t.id from files_tag t inner join files_tag_link l on l.tenant_id = t.tenant_id and l.tag_id = t.id where t.tenant_id = @p0 and l.tenant_id = @p1 and ((l.entry_type = @p2 and l.entry_id = @p3) or (l.entry_type = @p4 and 1 = 0)) and t.flag = @p5 and l.create_by = @p6|@p0=1, @p1=1, @p2=2, @p3=3, @p4=1, @p5=32, @p6=88175871-f76a-11ec-af3e-80e82ce013c1
2022-11-22 05:39:46,401|58|9|139.6019|Connection.BeginTransaction||
2022-11-22 05:39:46,751|58|9|349.4363|Command.ExecuteNonQuery|CREATE  TEMPORARY TABLE IF NOT EXISTS `files_tag_temporary` (                                 `tenant_id` INT(10) NOT NULL,                              `entry_id` VARCHAR(255) NOT NULL,                              `entry_type` INT(10) NOT NULL,                              PRIMARY KEY (`tenant_id`, `entry_id`, `entry_type`)                             );|
2022-11-22 05:39:46,774|58|9|34.598|Command.ExecuteNonQuery|replace into files_tag_temporary(tenant_id,entry_id,entry_type) values (@p0,@p1,@p2)|@p0=1, @p1=3, @p2=2
2022-11-22 05:39:46,774|58|9|0.6135|Command.ExecuteReader(Default)|select distinct ft.name, ft.flag, ft.owner, ftl.entry_id, ftl.entry_type, ftl.tag_count, ft.id from files_tag ft inner join files_tag_link ftl on ft.tenant_id = ftl.tenant_id and ft.id = ftl.tag_id inner join files_tag_temporary ftt on ftl.tenant_id = ftt.tenant_id and ftl.entry_id = ftt.entry_id and ftl.entry_type = ftt.entry_type where ft.tenant_id = @p0 and ft.flag = @p1 and ft.owner = @p2|@p0=1, @p1=1, @p2=88175871-f76a-11ec-af3e-80e82ce013c1
2022-11-22 05:39:46,774|58|9|0.2293|Command.ExecuteNonQuery|delete from files_tag_temporary where tenant_id = @p0|@p0=1
2022-11-22 05:39:46,873|58|9|83.5403|Transaction.Commit||
2022-11-22 05:39:46,873|58|9|0.8379|Command.ExecuteReader(Default)|select t.name, t.flag, t.owner, entry_id, entry_type, tag_count, t.id from files_tag t inner join files_tag_link l on l.tenant_id = t.tenant_id and l.tag_id = t.id where t.tenant_id = @p0 and l.tenant_id = @p1 and ((l.entry_type = @p2 and l.entry_id = @p3) or (l.entry_type = @p4 and 1 = 0)) and t.flag = @p5|@p0=1, @p1=1, @p2=2, @p3=3, @p4=1, @p5=8
2022-11-22 05:39:46,873|58|9|0.3355|Command.ExecuteReader(Default)|select t.name, t.flag, t.owner, entry_id, entry_type, tag_count, t.id from files_tag t inner join files_tag_link l on l.tenant_id = t.tenant_id and l.tag_id = t.id where t.tenant_id = @p0 and l.tenant_id = @p1 and ((l.entry_type = @p2 and 1 = 0) or (l.entry_type = @p3 and l.entry_id = @p4)) and t.flag = @p5 and l.create_by = @p6|@p0=1, @p1=1, @p2=2, @p3=1, @p4=12, @p5=2, @p6=88175871-f76a-11ec-af3e-80e82ce013c1
2022-11-22 05:39:46,901|58|9|24.198|Command.ExecuteReader(Default)|select f.id, f.parent_id, f.title, f.create_on, f.create_by, f.modified_on, f.modified_by, f.folder_type, f.foldersCount, f.filesCount, (select concat(cast(d.folder_type as char), '|', d.create_by, '|', cast(d.id as char)) from files_folder d, files_folder_tree t where d.tenant_id = f.tenant_id and d.id = t.parent_id and t.folder_id = f.parent_id group by level order by level desc limit 1), (select count(*) from files_security s where s.tenant_id = @p0 and s.entry_id = cast(f.id as char) and s.entry_type = @p1 and s.subject not in (@p2,@p3) limit 1) from files_folder f inner join files_folder_tree t on id = t.parent_id where f.tenant_id = @p4 and t.folder_id = @p5 order by t.level desc|@p0=1, @p1=1, @p2=ee7a7468-cda5-4f8b-afdb-f4e42c318eb6, @p3=aafd9c26-9686-4996-9665-35ca72721c4c, @p4=1, @p5=1
2022-11-22 05:39:46,985|58|9|1.1852|Command.ExecuteReader(Default)|select f.id, f.parent_id, f.title, f.create_on, f.create_by, f.modified_on, f.modified_by, f.folder_type, f.foldersCount, f.filesCount, (select concat(cast(d.folder_type as char), '|', d.create_by, '|', cast(d.id as char)) from files_folder d, files_folder_tree t where d.tenant_id = f.tenant_id and d.id = t.parent_id and t.folder_id = f.parent_id group by level order by level desc limit 1), (select count(*) from files_security s where s.tenant_id = @p0 and s.entry_id = cast(f.id as char) and s.entry_type = @p1 and s.subject not in (@p2,@p3) limit 1) from files_folder f where f.tenant_id = @p4 and id in (@p5,@p6,@p7,@p8,@p9)|@p0=1, @p1=1, @p2=ee7a7468-cda5-4f8b-afdb-f4e42c318eb6, @p3=aafd9c26-9686-4996-9665-35ca72721c4c, @p4=1, @p5=1, @p6=6, @p7=2, @p8=7, @p9=5
2022-11-22 05:39:46,985|58|9|0.2767|Connection.BeginTransaction||
2022-11-22 05:39:46,985|58|9|10.9285|Command.ExecuteNonQuery|CREATE  TEMPORARY TABLE IF NOT EXISTS `files_tag_temporary` (                                 `tenant_id` INT(10) NOT NULL,                              `entry_id` VARCHAR(255) NOT NULL,                              `entry_type` INT(10) NOT NULL,                              PRIMARY KEY (`tenant_id`, `entry_id`, `entry_type`)                             );|
2022-11-22 05:39:46,985|58|9|0.2508|Command.ExecuteNonQuery|replace into files_tag_temporary(tenant_id,entry_id,entry_type) values (@p0,@p1,@p2),(@p3,@p4,@p5),(@p6,@p7,@p8),(@p9,@p10,@p11),(@p12,@p13,@p14)|@p0=1, @p1=1, @p2=1, @p3=1, @p4=2, @p5=1, @p6=1, @p7=5, @p8=1, @p9=1, @p10=6, @p11=1, @p12=1, @p13=7, @p14=1
2022-11-22 05:39:46,985|58|9|0.3834|Command.ExecuteReader(Default)|select distinct ft.name, ft.flag, ft.owner, ftl.entry_id, ftl.entry_type, ftl.tag_count, ft.id from files_tag ft inner join files_tag_link ftl on ft.tenant_id = ftl.tenant_id and ft.id = ftl.tag_id inner join files_tag_temporary ftt on ftl.tenant_id = ftt.tenant_id and ftl.entry_id = ftt.entry_id and ftl.entry_type = ftt.entry_type where ft.tenant_id = @p0 and ft.flag = @p1 and ft.owner = @p2|@p0=1, @p1=1, @p2=88175871-f76a-11ec-af3e-80e82ce013c1
2022-11-22 05:39:46,985|58|9|0.1703|Command.ExecuteNonQuery|delete from files_tag_temporary where tenant_id = @p0|@p0=1
2022-11-22 05:39:46,985|58|9|0.1361|Transaction.Commit||
2022-11-22 05:39:47,696|58|9|0.0424|Connection.Dispose||
2022-11-22 05:39:47,696|58|8|0.007|Connection.Dispose||
2022-11-22 05:39:56,977|41|10|0.3449|Connection.Open||
2022-11-22 05:39:56,977|41|10|9.2039|Command.ExecuteReader(Default)|select u.id, u.username, u.firstname, u.lastname, u.sex, u.bithdate, u.status, u.title, u.workfromdate, u.terminateddate, u.contacts, u.email, u.location, u.notes, u.removed, u.last_modified, u.tenant, u.activation_status, u.culture, u.phone, u.phone_activation, u.sid, u.sso_name_id, u.sso_session_id, u.create_on from core_user u where last_modified >= @p0|@p0=11/22/2022 5:35:55 AM
2022-11-22 05:39:56,996|41|10|8.3545|Command.ExecuteReader(Default)|select id, name, parentid, categoryid, removed, last_modified, tenant, sid from core_group where last_modified >= @p0|@p0=11/22/2022 5:35:55 AM
2022-11-22 05:39:56,996|41|10|10.1289|Command.ExecuteReader(Default)|select userid, groupid, ref_type, removed, last_modified, tenant from core_usergroup where last_modified >= @p0|@p0=11/22/2022 5:35:55 AM
2022-11-22 05:39:57,068|41|9|22.1878|Connection.Open||
2022-11-22 05:39:57,068|41|9|0.5395|Command.ExecuteScalar|select data from webstudio_settings where id = @p0 and tenantid = @p1 and userid = @p2|@p0=fdf39b9a-ec96-4eb7-aeab-63f2c608eada, @p1=1, @p2=00000000-0000-0000-0000-000000000000
2022-11-22 05:39:59,738|41|9|346.4243|Command.ExecuteScalar|select exists(select 1 from crm_case where tenant_id = @tid) or exists(select 1 from crm_deal where tenant_id = @tid) or exists(select 1 from crm_task where tenant_id = @tid) or exists(select 1 from crm_contact where tenant_id = @tid)|@tid=1
2022-11-22 05:40:00,790|41|10|0.6143|Command.ExecuteScalar|select value from core_settings where tenant = @p0 and id = @p1|@p0=-1, @p1=DocKey_docbuilder
2022-11-22 05:40:03,319|41|9|0.0113|Connection.Dispose||
2022-11-22 05:40:03,319|41|10|0.0031|Connection.Dispose||
2022-11-22 05:40:04,693|58|8|0.351|Connection.Open||
2022-11-22 05:40:05,545|58|8|849.861|Command.ExecuteReader(Default)|select p.id, p.title, p.description, p.status, p.responsible_id, p.private, p.create_by, p.create_on, p.last_modified_by, p.last_modified_on, (select count(*) from projects_milestones m where m.tenant_id = p.tenant_id and m.project_id = p.id and m.status = @p0), (select count(*) from projects_tasks t where t.tenant_id = p.tenant_id and t.project_id = p.id and t.status <> @p1), (select count(*) from projects_tasks t where t.tenant_id = p.tenant_id and t.project_id = p.id), (select count(*) from projects_project_participant pp inner join core_user cup on cup.tenant = pp.tenant and cup.id = pp.participant_id where pp.tenant = p.tenant_id and pp.project_id = p.id and pp.removed = @p2 and cup.status = @p3), p.private from projects_projects p where p.tenant_id = @p4 and p.status = @p5 group by p.id order by (case p.status when 2 then 1 when 1 then 2 else 0 end) asc, p.title asc, p.create_on desc|@p0=0, @p1=2, @p2=False, @p3=1, @p4=1, @p5=0
2022-11-22 05:40:05,974|58|8|105.773|Command.ExecuteReader(Default)|select id, title, description, color, sort_order, additional_params, list_type from crm_list_item where tenant_id = @p0 and list_type = @p1 order by sort_order asc|@p0=1, @p1=2
2022-11-22 05:40:05,994|58|9|0.5066|Connection.Open||
2022-11-22 05:40:05,994|58|9|0.335|Command.ExecuteScalar|select value from core_settings where tenant = @p0 and id = @p1|@p0=1, @p1=SmtpSettings
2022-11-22 05:40:05,994|58|9|0.314|Command.ExecuteScalar|select value from core_settings where tenant = @p0 and id = @p1|@p0=-1, @p1=SmtpSettings
2022-11-22 05:40:06,264|58|8|208.032|Command.ExecuteReader(Default)|select title, entity_type from crm_tag where tenant_id = @p0 order by title asc|@p0=1
2022-11-22 05:40:06,264|58|8|0.4881|Command.ExecuteReader(Default)|select id, title, description, color, sort_order, additional_params, list_type from crm_list_item where tenant_id = @p0 order by sort_order asc|@p0=1
2022-11-22 05:40:06,480|58|8|208.5713|Command.ExecuteReader(Default)|select id, title, description, color, probability, status, sort_order from crm_deal_milestone where tenant_id = @p0 order by sort_order asc|@p0=1
2022-11-22 05:40:06,538|58|8|7.8157|Command.ExecuteReader(Default)|select resource_key, abbreviation, symbol, culture_name, is_convertable, is_basic from crm_currency_info|
2022-11-22 05:40:06,555|37|8|0.0271|Connection.Dispose||
2022-11-22 05:40:06,555|37|9|0.0043|Connection.Dispose||
2022-11-22 05:40:07,123|69|10|0.7975|Connection.Open||
2022-11-22 05:40:07,146|69|10|22.3247|Command.ExecuteReader(Default)|select id, first_name, last_name, company_name, title, notes, is_company, industry, status_id, company_id, create_on, create_by, display_name, is_shared, contact_type_id, currency from crm_contact where tenant_id = @p0 order by create_on desc limit 26|@p0=1
2022-11-22 05:40:07,190|69|10|25.5262|Command.ExecuteReader(Default)|select id, category, data, type, is_primary, contact_id from crm_contact_info where tenant_id = @p0 and contact_id = @p1|@p0=1, @p1=1
2022-11-22 05:40:07,190|69|10|0.6194|Command.ExecuteReader(Default)|select min(id), min(deadline), contact_id from crm_task where tenant_id = @p0 and contact_id = @p1 and is_closed = @p2 group by contact_id|@p0=1, @p1=1, @p2=False
2022-11-22 05:40:07,358|69|10|151.6371|Command.ExecuteReader(Default)|select distinct contact_id from crm_invoice where tenant_id = 1 and contact_id in (1)                 union all                 select distinct consignee_id from crm_invoice where tenant_id = 1 and consignee_id in (1)|
2022-11-22 05:40:07,387|69|10|0.0112|Connection.Dispose||
2022-11-22 05:40:07,428|72|8|0.3996|Connection.Open||
2022-11-22 05:40:07,428|72|8|0.3936|Command.ExecuteScalar|select value from core_settings where tenant = @p0 and id = @p1|@p0=-1, @p1=EncryptionSettings
2022-11-22 05:40:07,430|72|8|0.0312|Connection.Dispose||
